CRITICAL - 2024-08-07 07:18:48 --> Trying to access array offset on value of type null
in APPPATH\Controllers\Home.php on line 60.
 1 APPPATH\Controllers\Home.php(60): CodeIgniter\Debug\Exceptions->errorHandler(2, 'Trying to access array offset on value of type null', 'E:\\pemesanan\\app\\Controllers\\Home.php', 60)
 2 SYSTEMPATH\CodeIgniter.php(915): App\Controllers\Home->aksi_login()
 3 SYSTEMPATH\CodeIgniter.php(492): CodeIgniter\CodeIgniter->runController(Object(App\Controllers\Home))
 4 SYSTEMPATH\CodeIgniter.php(353): CodeIgniter\CodeIgniter->handleRequest(null, Object(Config\Cache), false)
 5 FCPATH\index.php(79): CodeIgniter\CodeIgniter->run()
 6 SYSTEMPATH\Commands\Server\rewrite.php(47): require_once('E:\\pemesanan\\public\\index.php')
CRITICAL - 2024-08-07 07:19:12 --> Trying to access array offset on value of type null
in APPPATH\Controllers\Home.php on line 60.
 1 APPPATH\Controllers\Home.php(60): CodeIgniter\Debug\Exceptions->errorHandler(2, 'Trying to access array offset on value of type null', 'E:\\pemesanan\\app\\Controllers\\Home.php', 60)
 2 SYSTEMPATH\CodeIgniter.php(915): App\Controllers\Home->aksi_login()
 3 SYSTEMPATH\CodeIgniter.php(492): CodeIgniter\CodeIgniter->runController(Object(App\Controllers\Home))
 4 SYSTEMPATH\CodeIgniter.php(353): CodeIgniter\CodeIgniter->handleRequest(null, Object(Config\Cache), false)
 5 FCPATH\index.php(79): CodeIgniter\CodeIgniter->run()
 6 SYSTEMPATH\Commands\Server\rewrite.php(47): require_once('E:\\pemesanan\\public\\index.php')
CRITICAL - 2024-08-07 19:45:42 --> You must set the database table to be used with your query.
in SYSTEMPATH\Database\BaseConnection.php on line 883.
 1 SYSTEMPATH\Model.php(635): CodeIgniter\Database\BaseConnection->table(null)
 2 SYSTEMPATH\Model.php(863): CodeIgniter\Model->builder()
 3 APPPATH\Controllers\Home.php(1038): CodeIgniter\Model->__call('resetpassword', [...])
 4 SYSTEMPATH\CodeIgniter.php(915): App\Controllers\Home->resetpassword('16')
 5 SYSTEMPATH\CodeIgniter.php(492): CodeIgniter\CodeIgniter->runController(Object(App\Controllers\Home))
 6 SYSTEMPATH\CodeIgniter.php(353): CodeIgniter\CodeIgniter->handleRequest(null, Object(Config\Cache), false)
 7 FCPATH\index.php(79): CodeIgniter\CodeIgniter->run()
 8 SYSTEMPATH\Commands\Server\rewrite.php(47): require_once('E:\\pemesanan\\public\\index.php')
CRITICAL - 2024-08-07 20:28:33 --> You must set the database table to be used with your query.
in SYSTEMPATH\Database\BaseConnection.php on line 883.
 1 SYSTEMPATH\Model.php(635): CodeIgniter\Database\BaseConnection->table(null)
 2 SYSTEMPATH\Model.php(863): CodeIgniter\Model->builder()
 3 APPPATH\Controllers\Home.php(1038): CodeIgniter\Model->__call('resetpassword', [...])
 4 SYSTEMPATH\CodeIgniter.php(915): App\Controllers\Home->resetpassword('6')
 5 SYSTEMPATH\CodeIgniter.php(492): CodeIgniter\CodeIgniter->runController(Object(App\Controllers\Home))
 6 SYSTEMPATH\CodeIgniter.php(353): CodeIgniter\CodeIgniter->handleRequest(null, Object(Config\Cache), false)
 7 FCPATH\index.php(79): CodeIgniter\CodeIgniter->run()
 8 SYSTEMPATH\Commands\Server\rewrite.php(47): require_once('E:\\pemesanan\\public\\index.php')
CRITICAL - 2024-08-07 20:41:51 --> You must set the database table to be used with your query.
in SYSTEMPATH\Database\BaseConnection.php on line 883.
 1 SYSTEMPATH\Model.php(635): CodeIgniter\Database\BaseConnection->table(null)
 2 SYSTEMPATH\Model.php(863): CodeIgniter\Model->builder()
 3 APPPATH\Controllers\Home.php(1038): CodeIgniter\Model->__call('resetpassword', [...])
 4 SYSTEMPATH\CodeIgniter.php(915): App\Controllers\Home->resetpassword('15')
 5 SYSTEMPATH\CodeIgniter.php(492): CodeIgniter\CodeIgniter->runController(Object(App\Controllers\Home))
 6 SYSTEMPATH\CodeIgniter.php(353): CodeIgniter\CodeIgniter->handleRequest(null, Object(Config\Cache), false)
 7 FCPATH\index.php(79): CodeIgniter\CodeIgniter->run()
 8 SYSTEMPATH\Commands\Server\rewrite.php(47): require_once('E:\\pemesanan\\public\\index.php')
CRITICAL - 2024-08-07 20:44:52 --> You must set the database table to be used with your query.
in SYSTEMPATH\Database\BaseConnection.php on line 883.
 1 SYSTEMPATH\Model.php(635): CodeIgniter\Database\BaseConnection->table(null)
 2 SYSTEMPATH\Model.php(863): CodeIgniter\Model->builder()
 3 APPPATH\Controllers\Home.php(1038): CodeIgniter\Model->__call('resetpassword', [...])
 4 SYSTEMPATH\CodeIgniter.php(915): App\Controllers\Home->resetpassword('15')
 5 SYSTEMPATH\CodeIgniter.php(492): CodeIgniter\CodeIgniter->runController(Object(App\Controllers\Home))
 6 SYSTEMPATH\CodeIgniter.php(353): CodeIgniter\CodeIgniter->handleRequest(null, Object(Config\Cache), false)
 7 FCPATH\index.php(79): CodeIgniter\CodeIgniter->run()
 8 SYSTEMPATH\Commands\Server\rewrite.php(47): require_once('E:\\pemesanan\\public\\index.php')
CRITICAL - 2024-08-07 20:48:01 --> You must set the database table to be used with your query.
in SYSTEMPATH\Database\BaseConnection.php on line 883.
 1 SYSTEMPATH\Model.php(635): CodeIgniter\Database\BaseConnection->table(null)
 2 SYSTEMPATH\Model.php(863): CodeIgniter\Model->builder()
 3 APPPATH\Controllers\Home.php(1038): CodeIgniter\Model->__call('resetpassword', [...])
 4 SYSTEMPATH\CodeIgniter.php(915): App\Controllers\Home->resetpassword('16')
 5 SYSTEMPATH\CodeIgniter.php(492): CodeIgniter\CodeIgniter->runController(Object(App\Controllers\Home))
 6 SYSTEMPATH\CodeIgniter.php(353): CodeIgniter\CodeIgniter->handleRequest(null, Object(Config\Cache), false)
 7 FCPATH\index.php(79): CodeIgniter\CodeIgniter->run()
 8 SYSTEMPATH\Commands\Server\rewrite.php(47): require_once('E:\\pemesanan\\public\\index.php')
CRITICAL - 2024-08-07 20:48:12 --> You must set the database table to be used with your query.
in SYSTEMPATH\Database\BaseConnection.php on line 883.
 1 SYSTEMPATH\Model.php(635): CodeIgniter\Database\BaseConnection->table(null)
 2 SYSTEMPATH\Model.php(863): CodeIgniter\Model->builder()
 3 APPPATH\Controllers\Home.php(1038): CodeIgniter\Model->__call('resetpassword', [...])
 4 SYSTEMPATH\CodeIgniter.php(915): App\Controllers\Home->resetpassword('16')
 5 SYSTEMPATH\CodeIgniter.php(492): CodeIgniter\CodeIgniter->runController(Object(App\Controllers\Home))
 6 SYSTEMPATH\CodeIgniter.php(353): CodeIgniter\CodeIgniter->handleRequest(null, Object(Config\Cache), false)
 7 FCPATH\index.php(79): CodeIgniter\CodeIgniter->run()
 8 SYSTEMPATH\Commands\Server\rewrite.php(47): require_once('E:\\pemesanan\\public\\index.php')
CRITICAL - 2024-08-07 20:50:22 --> You must set the database table to be used with your query.
in SYSTEMPATH\Database\BaseConnection.php on line 883.
 1 SYSTEMPATH\Model.php(635): CodeIgniter\Database\BaseConnection->table(null)
 2 SYSTEMPATH\Model.php(863): CodeIgniter\Model->builder()
 3 APPPATH\Controllers\Home.php(1038): CodeIgniter\Model->__call('resetpassword', [...])
 4 SYSTEMPATH\CodeIgniter.php(915): App\Controllers\Home->resetpassword('15')
 5 SYSTEMPATH\CodeIgniter.php(492): CodeIgniter\CodeIgniter->runController(Object(App\Controllers\Home))
 6 SYSTEMPATH\CodeIgniter.php(353): CodeIgniter\CodeIgniter->handleRequest(null, Object(Config\Cache), false)
 7 FCPATH\index.php(79): CodeIgniter\CodeIgniter->run()
 8 SYSTEMPATH\Commands\Server\rewrite.php(47): require_once('E:\\pemesanan\\public\\index.php')
CRITICAL - 2024-08-07 20:52:55 --> Cannot redeclare App\Models\M_pesan::softdelete2()
in APPPATH\Models\M_pesan.php on line 322.
 1 [internal function]: CodeIgniter\Debug\Exceptions->shutdownHandler()
CRITICAL - 2024-08-07 13:56:58 --> Cannot redeclare App\Controllers\Home::ruser()
in APPPATH\Controllers\Home.php on line 1258.
 1 [internal function]: CodeIgniter\Debug\Exceptions->shutdownHandler()
CRITICAL - 2024-08-07 21:12:48 --> You must set the database table to be used with your query.
in SYSTEMPATH\Database\BaseConnection.php on line 883.
 1 SYSTEMPATH\Model.php(635): CodeIgniter\Database\BaseConnection->table(null)
 2 SYSTEMPATH\Model.php(863): CodeIgniter\Model->builder()
 3 APPPATH\Controllers\Home.php(1040): CodeIgniter\Model->__call('resetpassword', [...])
 4 SYSTEMPATH\CodeIgniter.php(915): App\Controllers\Home->resetpassword('17')
 5 SYSTEMPATH\CodeIgniter.php(492): CodeIgniter\CodeIgniter->runController(Object(App\Controllers\Home))
 6 SYSTEMPATH\CodeIgniter.php(353): CodeIgniter\CodeIgniter->handleRequest(null, Object(Config\Cache), false)
 7 FCPATH\index.php(79): CodeIgniter\CodeIgniter->run()
 8 SYSTEMPATH\Commands\Server\rewrite.php(47): require_once('E:\\pemesanan\\public\\index.php')
CRITICAL - 2024-08-07 21:13:43 --> You must set the database table to be used with your query.
in SYSTEMPATH\Database\BaseConnection.php on line 883.
 1 SYSTEMPATH\Model.php(635): CodeIgniter\Database\BaseConnection->table(null)
 2 SYSTEMPATH\Model.php(863): CodeIgniter\Model->builder()
 3 APPPATH\Controllers\Home.php(1040): CodeIgniter\Model->__call('resetpassword', [...])
 4 SYSTEMPATH\CodeIgniter.php(915): App\Controllers\Home->resetpassword('17')
 5 SYSTEMPATH\CodeIgniter.php(492): CodeIgniter\CodeIgniter->runController(Object(App\Controllers\Home))
 6 SYSTEMPATH\CodeIgniter.php(353): CodeIgniter\CodeIgniter->handleRequest(null, Object(Config\Cache), false)
 7 FCPATH\index.php(79): CodeIgniter\CodeIgniter->run()
 8 SYSTEMPATH\Commands\Server\rewrite.php(47): require_once('E:\\pemesanan\\public\\index.php')
CRITICAL - 2024-08-07 21:13:44 --> You must set the database table to be used with your query.
in SYSTEMPATH\Database\BaseConnection.php on line 883.
 1 SYSTEMPATH\Model.php(635): CodeIgniter\Database\BaseConnection->table(null)
 2 SYSTEMPATH\Model.php(863): CodeIgniter\Model->builder()
 3 APPPATH\Controllers\Home.php(1040): CodeIgniter\Model->__call('resetpassword', [...])
 4 SYSTEMPATH\CodeIgniter.php(915): App\Controllers\Home->resetpassword('17')
 5 SYSTEMPATH\CodeIgniter.php(492): CodeIgniter\CodeIgniter->runController(Object(App\Controllers\Home))
 6 SYSTEMPATH\CodeIgniter.php(353): CodeIgniter\CodeIgniter->handleRequest(null, Object(Config\Cache), false)
 7 FCPATH\index.php(79): CodeIgniter\CodeIgniter->run()
 8 SYSTEMPATH\Commands\Server\rewrite.php(47): require_once('E:\\pemesanan\\public\\index.php')
CRITICAL - 2024-08-07 21:14:47 --> syntax error, unexpected token "}", expecting variable
in APPPATH\Models\M_pesan.php on line 566.
 1 SYSTEMPATH\Autoloader\Autoloader.php(285): CodeIgniter\Autoloader\Autoloader->includeFile('E:\\pemesanan\\app\\Models\\M_pesan.php')
 2 SYSTEMPATH\Autoloader\Autoloader.php(263): CodeIgniter\Autoloader\Autoloader->loadInNamespace('App\\Models\\M_pesan')
 3 APPPATH\Controllers\Home.php(1031): CodeIgniter\Autoloader\Autoloader->loadClass('App\\Models\\M_pesan')
 4 SYSTEMPATH\CodeIgniter.php(915): App\Controllers\Home->resetpassword('17')
 5 SYSTEMPATH\CodeIgniter.php(492): CodeIgniter\CodeIgniter->runController(Object(App\Controllers\Home))
 6 SYSTEMPATH\CodeIgniter.php(353): CodeIgniter\CodeIgniter->handleRequest(null, Object(Config\Cache), false)
 7 FCPATH\index.php(79): CodeIgniter\CodeIgniter->run()
 8 SYSTEMPATH\Commands\Server\rewrite.php(47): require_once('E:\\pemesanan\\public\\index.php')
CRITICAL - 2024-08-07 14:16:58 --> syntax error, unexpected token "public", expecting end of file
in APPPATH\Controllers\Home.php on line 1046.
 1 SYSTEMPATH\Autoloader\Autoloader.php(250): CodeIgniter\Autoloader\Autoloader->includeFile('E:\\pemesanan\\vendor\\composer/../../app/Controllers/Home.php')
 2 [internal function]: CodeIgniter\Autoloader\Autoloader->loadClassmap('App\\Controllers\\Home')
 3 SYSTEMPATH\CodeIgniter.php(873): class_exists('\\App\\Controllers\\Home', true)
 4 SYSTEMPATH\CodeIgniter.php(479): CodeIgniter\CodeIgniter->startController()
 5 SYSTEMPATH\CodeIgniter.php(353): CodeIgniter\CodeIgniter->handleRequest(null, Object(Config\Cache), false)
 6 FCPATH\index.php(79): CodeIgniter\CodeIgniter->run()
 7 SYSTEMPATH\Commands\Server\rewrite.php(47): require_once('E:\\pemesanan\\public\\index.php')
CRITICAL - 2024-08-07 14:17:20 --> Unmatched '}'
in APPPATH\Controllers\Home.php on line 1044.
 1 SYSTEMPATH\Autoloader\Autoloader.php(250): CodeIgniter\Autoloader\Autoloader->includeFile('E:\\pemesanan\\vendor\\composer/../../app/Controllers/Home.php')
 2 [internal function]: CodeIgniter\Autoloader\Autoloader->loadClassmap('App\\Controllers\\Home')
 3 SYSTEMPATH\CodeIgniter.php(873): class_exists('\\App\\Controllers\\Home', true)
 4 SYSTEMPATH\CodeIgniter.php(479): CodeIgniter\CodeIgniter->startController()
 5 SYSTEMPATH\CodeIgniter.php(353): CodeIgniter\CodeIgniter->handleRequest(null, Object(Config\Cache), false)
 6 FCPATH\index.php(79): CodeIgniter\CodeIgniter->run()
 7 SYSTEMPATH\Commands\Server\rewrite.php(47): require_once('E:\\pemesanan\\public\\index.php')
CRITICAL - 2024-08-07 21:17:35 --> Unmatched '}'
in APPPATH\Models\M_pesan.php on line 563.
 1 SYSTEMPATH\Autoloader\Autoloader.php(285): CodeIgniter\Autoloader\Autoloader->includeFile('E:\\pemesanan\\app\\Models\\M_pesan.php')
 2 SYSTEMPATH\Autoloader\Autoloader.php(263): CodeIgniter\Autoloader\Autoloader->loadInNamespace('App\\Models\\M_pesan')
 3 APPPATH\Controllers\Home.php(487): CodeIgniter\Autoloader\Autoloader->loadClass('App\\Models\\M_pesan')
 4 SYSTEMPATH\CodeIgniter.php(915): App\Controllers\Home->user()
 5 SYSTEMPATH\CodeIgniter.php(492): CodeIgniter\CodeIgniter->runController(Object(App\Controllers\Home))
 6 SYSTEMPATH\CodeIgniter.php(353): CodeIgniter\CodeIgniter->handleRequest(null, Object(Config\Cache), false)
 7 FCPATH\index.php(79): CodeIgniter\CodeIgniter->run()
 8 SYSTEMPATH\Commands\Server\rewrite.php(47): require_once('E:\\pemesanan\\public\\index.php')
CRITICAL - 2024-08-07 14:19:30 --> syntax error, unexpected token "public", expecting end of file
in APPPATH\Controllers\Home.php on line 1046.
 1 SYSTEMPATH\Autoloader\Autoloader.php(250): CodeIgniter\Autoloader\Autoloader->includeFile('E:\\pemesanan\\vendor\\composer/../../app/Controllers/Home.php')
 2 [internal function]: CodeIgniter\Autoloader\Autoloader->loadClassmap('App\\Controllers\\Home')
 3 SYSTEMPATH\CodeIgniter.php(873): class_exists('\\App\\Controllers\\Home', true)
 4 SYSTEMPATH\CodeIgniter.php(479): CodeIgniter\CodeIgniter->startController()
 5 SYSTEMPATH\CodeIgniter.php(353): CodeIgniter\CodeIgniter->handleRequest(null, Object(Config\Cache), false)
 6 FCPATH\index.php(79): CodeIgniter\CodeIgniter->run()
 7 SYSTEMPATH\Commands\Server\rewrite.php(47): require_once('E:\\pemesanan\\public\\index.php')
CRITICAL - 2024-08-07 14:19:54 --> Unmatched '}'
in APPPATH\Controllers\Home.php on line 2492.
 1 SYSTEMPATH\Autoloader\Autoloader.php(250): CodeIgniter\Autoloader\Autoloader->includeFile('E:\\pemesanan\\vendor\\composer/../../app/Controllers/Home.php')
 2 [internal function]: CodeIgniter\Autoloader\Autoloader->loadClassmap('App\\Controllers\\Home')
 3 SYSTEMPATH\CodeIgniter.php(873): class_exists('\\App\\Controllers\\Home', true)
 4 SYSTEMPATH\CodeIgniter.php(479): CodeIgniter\CodeIgniter->startController()
 5 SYSTEMPATH\CodeIgniter.php(353): CodeIgniter\CodeIgniter->handleRequest(null, Object(Config\Cache), false)
 6 FCPATH\index.php(79): CodeIgniter\CodeIgniter->run()
 7 SYSTEMPATH\Commands\Server\rewrite.php(47): require_once('E:\\pemesanan\\public\\index.php')
CRITICAL - 2024-08-07 14:19:56 --> Unmatched '}'
in APPPATH\Controllers\Home.php on line 2492.
 1 SYSTEMPATH\Autoloader\Autoloader.php(250): CodeIgniter\Autoloader\Autoloader->includeFile('E:\\pemesanan\\vendor\\composer/../../app/Controllers/Home.php')
 2 [internal function]: CodeIgniter\Autoloader\Autoloader->loadClassmap('App\\Controllers\\Home')
 3 SYSTEMPATH\CodeIgniter.php(873): class_exists('\\App\\Controllers\\Home', true)
 4 SYSTEMPATH\CodeIgniter.php(479): CodeIgniter\CodeIgniter->startController()
 5 SYSTEMPATH\CodeIgniter.php(353): CodeIgniter\CodeIgniter->handleRequest(null, Object(Config\Cache), false)
 6 FCPATH\index.php(79): CodeIgniter\CodeIgniter->run()
 7 SYSTEMPATH\Commands\Server\rewrite.php(47): require_once('E:\\pemesanan\\public\\index.php')
CRITICAL - 2024-08-07 14:29:17 --> syntax error, unexpected token "public", expecting end of file
in APPPATH\Controllers\Home.php on line 1273.
 1 SYSTEMPATH\Autoloader\Autoloader.php(250): CodeIgniter\Autoloader\Autoloader->includeFile('E:\\pemesanan\\vendor\\composer/../../app/Controllers/Home.php')
 2 [internal function]: CodeIgniter\Autoloader\Autoloader->loadClassmap('App\\Controllers\\Home')
 3 SYSTEMPATH\CodeIgniter.php(873): class_exists('\\App\\Controllers\\Home', true)
 4 SYSTEMPATH\CodeIgniter.php(479): CodeIgniter\CodeIgniter->startController()
 5 SYSTEMPATH\CodeIgniter.php(353): CodeIgniter\CodeIgniter->handleRequest(null, Object(Config\Cache), false)
 6 FCPATH\index.php(79): CodeIgniter\CodeIgniter->run()
 7 SYSTEMPATH\Commands\Server\rewrite.php(47): require_once('E:\\pemesanan\\public\\index.php')
CRITICAL - 2024-08-07 21:30:51 --> Attempt to read property "judul_website" on array
in APPPATH\Views\header.php on line 9.
 1 APPPATH\Views\header.php(9): CodeIgniter\Debug\Exceptions->errorHandler(2, 'Attempt to read property "judul_website" on array', 'E:\\pemesanan\\app\\Views\\header.php', 9)
 2 SYSTEMPATH\View\View.php(226): include('E:\\pemesanan\\app\\Views\\header.php')
 3 SYSTEMPATH\View\View.php(229): CodeIgniter\View\View->CodeIgniter\View\{closure}()
 4 SYSTEMPATH\Common.php(1178): CodeIgniter\View\View->render('header', [], true)
 5 APPPATH\Controllers\Home.php(1260): view('header', [...])
 6 SYSTEMPATH\CodeIgniter.php(915): App\Controllers\Home->ruser()
 7 SYSTEMPATH\CodeIgniter.php(492): CodeIgniter\CodeIgniter->runController(Object(App\Controllers\Home))
 8 SYSTEMPATH\CodeIgniter.php(353): CodeIgniter\CodeIgniter->handleRequest(null, Object(Config\Cache), false)
 9 FCPATH\index.php(79): CodeIgniter\CodeIgniter->run()
10 SYSTEMPATH\Commands\Server\rewrite.php(47): require_once('E:\\pemesanan\\public\\index.php')
CRITICAL - 2024-08-07 21:34:50 --> Unmatched '}'
in APPPATH\Views\user.php on line 95.
 1 SYSTEMPATH\View\View.php(229): CodeIgniter\View\View->CodeIgniter\View\{closure}()
 2 SYSTEMPATH\Common.php(1178): CodeIgniter\View\View->render('user', [], true)
 3 APPPATH\Controllers\Home.php(1262): view('user', [...])
 4 SYSTEMPATH\CodeIgniter.php(915): App\Controllers\Home->ruser()
 5 SYSTEMPATH\CodeIgniter.php(492): CodeIgniter\CodeIgniter->runController(Object(App\Controllers\Home))
 6 SYSTEMPATH\CodeIgniter.php(353): CodeIgniter\CodeIgniter->handleRequest(null, Object(Config\Cache), false)
 7 FCPATH\index.php(79): CodeIgniter\CodeIgniter->run()
 8 SYSTEMPATH\Commands\Server\rewrite.php(47): require_once('E:\\pemesanan\\public\\index.php')
CRITICAL - 2024-08-07 14:42:09 --> syntax error, unexpected token "public", expecting end of file
in APPPATH\Controllers\Home.php on line 492.
 1 SYSTEMPATH\Autoloader\Autoloader.php(250): CodeIgniter\Autoloader\Autoloader->includeFile('E:\\pemesanan\\vendor\\composer/../../app/Controllers/Home.php')
 2 [internal function]: CodeIgniter\Autoloader\Autoloader->loadClassmap('App\\Controllers\\Home')
 3 SYSTEMPATH\CodeIgniter.php(873): class_exists('\\App\\Controllers\\Home', true)
 4 SYSTEMPATH\CodeIgniter.php(479): CodeIgniter\CodeIgniter->startController()
 5 SYSTEMPATH\CodeIgniter.php(353): CodeIgniter\CodeIgniter->handleRequest(null, Object(Config\Cache), false)
 6 FCPATH\index.php(79): CodeIgniter\CodeIgniter->run()
 7 SYSTEMPATH\Commands\Server\rewrite.php(47): require_once('E:\\pemesanan\\public\\index.php')
CRITICAL - 2024-08-07 21:46:27 --> Too few arguments to function App\Controllers\Home::printnota(), 0 passed in E:\pemesanan\system\CodeIgniter.php on line 915 and exactly 1 expected
in APPPATH\Controllers\Home.php on line 1155.
 1 SYSTEMPATH\CodeIgniter.php(915): App\Controllers\Home->printnota()
 2 SYSTEMPATH\CodeIgniter.php(492): CodeIgniter\CodeIgniter->runController(Object(App\Controllers\Home))
 3 SYSTEMPATH\CodeIgniter.php(353): CodeIgniter\CodeIgniter->handleRequest(null, Object(Config\Cache), false)
 4 FCPATH\index.php(79): CodeIgniter\CodeIgniter->run()
 5 SYSTEMPATH\Commands\Server\rewrite.php(47): require_once('E:\\pemesanan\\public\\index.php')
CRITICAL - 2024-08-07 21:46:42 --> Too few arguments to function App\Controllers\Home::printnota(), 0 passed in E:\pemesanan\system\CodeIgniter.php on line 915 and exactly 1 expected
in APPPATH\Controllers\Home.php on line 1155.
 1 SYSTEMPATH\CodeIgniter.php(915): App\Controllers\Home->printnota()
 2 SYSTEMPATH\CodeIgniter.php(492): CodeIgniter\CodeIgniter->runController(Object(App\Controllers\Home))
 3 SYSTEMPATH\CodeIgniter.php(353): CodeIgniter\CodeIgniter->handleRequest(null, Object(Config\Cache), false)
 4 FCPATH\index.php(79): CodeIgniter\CodeIgniter->run()
 5 SYSTEMPATH\Commands\Server\rewrite.php(47): require_once('E:\\pemesanan\\public\\index.php')
CRITICAL - 2024-08-07 21:46:44 --> Too few arguments to function App\Controllers\Home::printnota(), 0 passed in E:\pemesanan\system\CodeIgniter.php on line 915 and exactly 1 expected
in APPPATH\Controllers\Home.php on line 1155.
 1 SYSTEMPATH\CodeIgniter.php(915): App\Controllers\Home->printnota()
 2 SYSTEMPATH\CodeIgniter.php(492): CodeIgniter\CodeIgniter->runController(Object(App\Controllers\Home))
 3 SYSTEMPATH\CodeIgniter.php(353): CodeIgniter\CodeIgniter->handleRequest(null, Object(Config\Cache), false)
 4 FCPATH\index.php(79): CodeIgniter\CodeIgniter->run()
 5 SYSTEMPATH\Commands\Server\rewrite.php(47): require_once('E:\\pemesanan\\public\\index.php')
CRITICAL - 2024-08-07 21:46:45 --> Too few arguments to function App\Controllers\Home::printnota(), 0 passed in E:\pemesanan\system\CodeIgniter.php on line 915 and exactly 1 expected
in APPPATH\Controllers\Home.php on line 1155.
 1 SYSTEMPATH\CodeIgniter.php(915): App\Controllers\Home->printnota()
 2 SYSTEMPATH\CodeIgniter.php(492): CodeIgniter\CodeIgniter->runController(Object(App\Controllers\Home))
 3 SYSTEMPATH\CodeIgniter.php(353): CodeIgniter\CodeIgniter->handleRequest(null, Object(Config\Cache), false)
 4 FCPATH\index.php(79): CodeIgniter\CodeIgniter->run()
 5 SYSTEMPATH\Commands\Server\rewrite.php(47): require_once('E:\\pemesanan\\public\\index.php')
CRITICAL - 2024-08-07 22:07:42 --> The original file is not a valid file.
in SYSTEMPATH\HTTP\Files\UploadedFile.php on line 146.
 1 SYSTEMPATH\HTTP\Files\UploadedFile.php(146): CodeIgniter\HTTP\Exceptions\HTTPException::forInvalidFile()
 2 APPPATH\Models\M_pesan.php(115): CodeIgniter\HTTP\Files\UploadedFile->move('E:\\pemesanan\\public/photo barang/', '')
 3 APPPATH\Controllers\Home.php(184): App\Models\M_pesan->upload(Object(CodeIgniter\HTTP\Files\UploadedFile))
 4 SYSTEMPATH\CodeIgniter.php(915): App\Controllers\Home->aksi_tbarang()
 5 SYSTEMPATH\CodeIgniter.php(492): CodeIgniter\CodeIgniter->runController(Object(App\Controllers\Home))
 6 SYSTEMPATH\CodeIgniter.php(353): CodeIgniter\CodeIgniter->handleRequest(null, Object(Config\Cache), false)
 7 FCPATH\index.php(79): CodeIgniter\CodeIgniter->run()
 8 SYSTEMPATH\Commands\Server\rewrite.php(47): require_once('E:\\pemesanan\\public\\index.php')
CRITICAL - 2024-08-07 22:07:53 --> The original file is not a valid file.
in SYSTEMPATH\HTTP\Files\UploadedFile.php on line 146.
 1 SYSTEMPATH\HTTP\Files\UploadedFile.php(146): CodeIgniter\HTTP\Exceptions\HTTPException::forInvalidFile()
 2 APPPATH\Models\M_pesan.php(115): CodeIgniter\HTTP\Files\UploadedFile->move('E:\\pemesanan\\public/photo barang/', '')
 3 APPPATH\Controllers\Home.php(184): App\Models\M_pesan->upload(Object(CodeIgniter\HTTP\Files\UploadedFile))
 4 SYSTEMPATH\CodeIgniter.php(915): App\Controllers\Home->aksi_tbarang()
 5 SYSTEMPATH\CodeIgniter.php(492): CodeIgniter\CodeIgniter->runController(Object(App\Controllers\Home))
 6 SYSTEMPATH\CodeIgniter.php(353): CodeIgniter\CodeIgniter->handleRequest(null, Object(Config\Cache), false)
 7 FCPATH\index.php(79): CodeIgniter\CodeIgniter->run()
 8 SYSTEMPATH\Commands\Server\rewrite.php(47): require_once('E:\\pemesanan\\public\\index.php')
CRITICAL - 2024-08-07 22:08:19 --> The original file is not a valid file.
in SYSTEMPATH\HTTP\Files\UploadedFile.php on line 146.
 1 SYSTEMPATH\HTTP\Files\UploadedFile.php(146): CodeIgniter\HTTP\Exceptions\HTTPException::forInvalidFile()
 2 APPPATH\Models\M_pesan.php(115): CodeIgniter\HTTP\Files\UploadedFile->move('E:\\pemesanan\\public/photo barang/', '')
 3 APPPATH\Controllers\Home.php(184): App\Models\M_pesan->upload(Object(CodeIgniter\HTTP\Files\UploadedFile))
 4 SYSTEMPATH\CodeIgniter.php(915): App\Controllers\Home->aksi_tbarang()
 5 SYSTEMPATH\CodeIgniter.php(492): CodeIgniter\CodeIgniter->runController(Object(App\Controllers\Home))
 6 SYSTEMPATH\CodeIgniter.php(353): CodeIgniter\CodeIgniter->handleRequest(null, Object(Config\Cache), false)
 7 FCPATH\index.php(79): CodeIgniter\CodeIgniter->run()
 8 SYSTEMPATH\Commands\Server\rewrite.php(47): require_once('E:\\pemesanan\\public\\index.php')
CRITICAL - 2024-08-07 22:14:16 --> The original file is not a valid file.
in SYSTEMPATH\HTTP\Files\UploadedFile.php on line 146.
 1 SYSTEMPATH\HTTP\Files\UploadedFile.php(146): CodeIgniter\HTTP\Exceptions\HTTPException::forInvalidFile()
 2 APPPATH\Models\M_pesan.php(115): CodeIgniter\HTTP\Files\UploadedFile->move('E:\\pemesanan\\public/photo barang/', '')
 3 APPPATH\Controllers\Home.php(184): App\Models\M_pesan->upload(Object(CodeIgniter\HTTP\Files\UploadedFile))
 4 SYSTEMPATH\CodeIgniter.php(915): App\Controllers\Home->aksi_tbarang()
 5 SYSTEMPATH\CodeIgniter.php(492): CodeIgniter\CodeIgniter->runController(Object(App\Controllers\Home))
 6 SYSTEMPATH\CodeIgniter.php(353): CodeIgniter\CodeIgniter->handleRequest(null, Object(Config\Cache), false)
 7 FCPATH\index.php(79): CodeIgniter\CodeIgniter->run()
 8 SYSTEMPATH\Commands\Server\rewrite.php(47): require_once('E:\\pemesanan\\public\\index.php')
