CRITICAL - 2024-07-30 11:31:04 --> You must set the database table to be used with your query.
in SYSTEMPATH\Database\BaseConnection.php on line 883.
 1 SYSTEMPATH\Model.php(635): CodeIgniter\Database\BaseConnection->table(null)
 2 SYSTEMPATH\Model.php(863): CodeIgniter\Model->builder()
 3 APPPATH\Controllers\Home.php(1043): CodeIgniter\Model->__call('getPassword', [...])
 4 SYSTEMPATH\CodeIgniter.php(915): App\Controllers\Home->aksi_changepass()
 5 SYSTEMPATH\CodeIgniter.php(492): CodeIgniter\CodeIgniter->runController(Object(App\Controllers\Home))
 6 SYSTEMPATH\CodeIgniter.php(353): CodeIgniter\CodeIgniter->handleRequest(null, Object(Config\Cache), false)
 7 FCPATH\index.php(79): CodeIgniter\CodeIgniter->run()
 8 SYSTEMPATH\Commands\Server\rewrite.php(47): require_once('E:\\pemesanan\\public\\index.php')
CRITICAL - 2024-07-30 11:47:27 --> imagecreatefrompng(): &quot;E:\pemesanan\public\images/rachelaod.jpg&quot; is not a valid PNG file
in APPPATH\Views\print_nota.php on line 11.
 1 [internal function]: CodeIgniter\Debug\Exceptions->errorHandler(2, 'imagecreatefrompng(): &quot;E:\\pemesanan\\public\\images/rachelaod.jpg&quot; is not a valid PNG file', 'E:\\pemesanan\\app\\Views\\print_nota.php', 11)
 2 APPPATH\Views\print_nota.php(11): imagecreatefrompng('E:\\pemesanan\\public\\images/rachelaod.jpg')
 3 APPPATH\Views\print_nota.php(56): convertToGrayscale('E:\\pemesanan\\public\\images/rachelaod.jpg')
 4 SYSTEMPATH\View\View.php(226): include('E:\\pemesanan\\app\\Views\\print_nota.php')
 5 SYSTEMPATH\View\View.php(229): CodeIgniter\View\View->CodeIgniter\View\{closure}()
 6 SYSTEMPATH\Common.php(1178): CodeIgniter\View\View->render('print_nota', [], true)
 7 APPPATH\Controllers\Home.php(1080): view('print_nota', [...])
 8 SYSTEMPATH\CodeIgniter.php(915): App\Controllers\Home->printnota('CPP-0004')
 9 SYSTEMPATH\CodeIgniter.php(492): CodeIgniter\CodeIgniter->runController(Object(App\Controllers\Home))
10 SYSTEMPATH\CodeIgniter.php(353): CodeIgniter\CodeIgniter->handleRequest(null, Object(Config\Cache), false)
11 FCPATH\index.php(79): CodeIgniter\CodeIgniter->run()
12 SYSTEMPATH\Commands\Server\rewrite.php(47): require_once('E:\\pemesanan\\public\\index.php')
CRITICAL - 2024-07-30 11:49:40 --> imagecreatefrompng(): &quot;E:\pemesanan\public\images/cipta puri-01.png&quot; is not a valid PNG file
in APPPATH\Views\print_nota.php on line 11.
 1 [internal function]: CodeIgniter\Debug\Exceptions->errorHandler(2, 'imagecreatefrompng(): &quot;E:\\pemesanan\\public\\images/cipta puri-01.png&quot; is not a valid PNG file', 'E:\\pemesanan\\app\\Views\\print_nota.php', 11)
 2 APPPATH\Views\print_nota.php(11): imagecreatefrompng('E:\\pemesanan\\public\\images/cipta puri-01.png')
 3 APPPATH\Views\print_nota.php(56): convertToGrayscale('E:\\pemesanan\\public\\images/cipta puri-01.png')
 4 SYSTEMPATH\View\View.php(226): include('E:\\pemesanan\\app\\Views\\print_nota.php')
 5 SYSTEMPATH\View\View.php(229): CodeIgniter\View\View->CodeIgniter\View\{closure}()
 6 SYSTEMPATH\Common.php(1178): CodeIgniter\View\View->render('print_nota', [], true)
 7 APPPATH\Controllers\Home.php(1080): view('print_nota', [...])
 8 SYSTEMPATH\CodeIgniter.php(915): App\Controllers\Home->printnota('CPP-0004')
 9 SYSTEMPATH\CodeIgniter.php(492): CodeIgniter\CodeIgniter->runController(Object(App\Controllers\Home))
10 SYSTEMPATH\CodeIgniter.php(353): CodeIgniter\CodeIgniter->handleRequest(null, Object(Config\Cache), false)
11 FCPATH\index.php(79): CodeIgniter\CodeIgniter->run()
12 SYSTEMPATH\Commands\Server\rewrite.php(47): require_once('E:\\pemesanan\\public\\index.php')
CRITICAL - 2024-07-30 11:52:19 --> imagecreatefrompng(): &quot;E:\pemesanan\public\images/cipta puri-01.png&quot; is not a valid PNG file
in APPPATH\Views\print_nota.php on line 11.
 1 [internal function]: CodeIgniter\Debug\Exceptions->errorHandler(2, 'imagecreatefrompng(): &quot;E:\\pemesanan\\public\\images/cipta puri-01.png&quot; is not a valid PNG file', 'E:\\pemesanan\\app\\Views\\print_nota.php', 11)
 2 APPPATH\Views\print_nota.php(11): imagecreatefrompng('E:\\pemesanan\\public\\images/cipta puri-01.png')
 3 APPPATH\Views\print_nota.php(56): convertToGrayscale('E:\\pemesanan\\public\\images/cipta puri-01.png')
 4 SYSTEMPATH\View\View.php(226): include('E:\\pemesanan\\app\\Views\\print_nota.php')
 5 SYSTEMPATH\View\View.php(229): CodeIgniter\View\View->CodeIgniter\View\{closure}()
 6 SYSTEMPATH\Common.php(1178): CodeIgniter\View\View->render('print_nota', [], true)
 7 APPPATH\Controllers\Home.php(1080): view('print_nota', [...])
 8 SYSTEMPATH\CodeIgniter.php(915): App\Controllers\Home->printnota('CPP-0004')
 9 SYSTEMPATH\CodeIgniter.php(492): CodeIgniter\CodeIgniter->runController(Object(App\Controllers\Home))
10 SYSTEMPATH\CodeIgniter.php(353): CodeIgniter\CodeIgniter->handleRequest(null, Object(Config\Cache), false)
11 FCPATH\index.php(79): CodeIgniter\CodeIgniter->run()
12 SYSTEMPATH\Commands\Server\rewrite.php(47): require_once('E:\\pemesanan\\public\\index.php')
CRITICAL - 2024-07-30 11:56:05 --> getimagesize(E:\pemesanan\public\images/grayscale_default-icon.png): Failed to open stream: No such file or directory
in APPPATH\Views\print_nota.php on line 73.
 1 [internal function]: CodeIgniter\Debug\Exceptions->errorHandler(2, 'getimagesize(E:\\pemesanan\\public\\images/grayscale_default-icon.png): Failed to open stream: No such file or directory', 'E:\\pemesanan\\app\\Views\\print_nota.php', 73)
 2 APPPATH\Views\print_nota.php(73): getimagesize('E:\\pemesanan\\public\\images/grayscale_default-icon.png')
 3 SYSTEMPATH\View\View.php(226): include('E:\\pemesanan\\app\\Views\\print_nota.php')
 4 SYSTEMPATH\View\View.php(229): CodeIgniter\View\View->CodeIgniter\View\{closure}()
 5 SYSTEMPATH\Common.php(1178): CodeIgniter\View\View->render('print_nota', [], true)
 6 APPPATH\Controllers\Home.php(1080): view('print_nota', [...])
 7 SYSTEMPATH\CodeIgniter.php(915): App\Controllers\Home->printnota('CPP-0004')
 8 SYSTEMPATH\CodeIgniter.php(492): CodeIgniter\CodeIgniter->runController(Object(App\Controllers\Home))
 9 SYSTEMPATH\CodeIgniter.php(353): CodeIgniter\CodeIgniter->handleRequest(null, Object(Config\Cache), false)
10 FCPATH\index.php(79): CodeIgniter\CodeIgniter->run()
11 SYSTEMPATH\Commands\Server\rewrite.php(47): require_once('E:\\pemesanan\\public\\index.php')
CRITICAL - 2024-07-30 11:59:08 --> getimagesize(E:\pemesanan\public\images/grayscale_default-icon.png): Failed to open stream: No such file or directory
in APPPATH\Views\print_nota.php on line 73.
 1 [internal function]: CodeIgniter\Debug\Exceptions->errorHandler(2, 'getimagesize(E:\\pemesanan\\public\\images/grayscale_default-icon.png): Failed to open stream: No such file or directory', 'E:\\pemesanan\\app\\Views\\print_nota.php', 73)
 2 APPPATH\Views\print_nota.php(73): getimagesize('E:\\pemesanan\\public\\images/grayscale_default-icon.png')
 3 SYSTEMPATH\View\View.php(226): include('E:\\pemesanan\\app\\Views\\print_nota.php')
 4 SYSTEMPATH\View\View.php(229): CodeIgniter\View\View->CodeIgniter\View\{closure}()
 5 SYSTEMPATH\Common.php(1178): CodeIgniter\View\View->render('print_nota', [], true)
 6 APPPATH\Controllers\Home.php(1080): view('print_nota', [...])
 7 SYSTEMPATH\CodeIgniter.php(915): App\Controllers\Home->printnota('CPP-0004')
 8 SYSTEMPATH\CodeIgniter.php(492): CodeIgniter\CodeIgniter->runController(Object(App\Controllers\Home))
 9 SYSTEMPATH\CodeIgniter.php(353): CodeIgniter\CodeIgniter->handleRequest(null, Object(Config\Cache), false)
10 FCPATH\index.php(79): CodeIgniter\CodeIgniter->run()
11 SYSTEMPATH\Commands\Server\rewrite.php(47): require_once('E:\\pemesanan\\public\\index.php')
CRITICAL - 2024-07-30 11:59:11 --> getimagesize(E:\pemesanan\public\images/grayscale_default-icon.png): Failed to open stream: No such file or directory
in APPPATH\Views\print_nota.php on line 73.
 1 [internal function]: CodeIgniter\Debug\Exceptions->errorHandler(2, 'getimagesize(E:\\pemesanan\\public\\images/grayscale_default-icon.png): Failed to open stream: No such file or directory', 'E:\\pemesanan\\app\\Views\\print_nota.php', 73)
 2 APPPATH\Views\print_nota.php(73): getimagesize('E:\\pemesanan\\public\\images/grayscale_default-icon.png')
 3 SYSTEMPATH\View\View.php(226): include('E:\\pemesanan\\app\\Views\\print_nota.php')
 4 SYSTEMPATH\View\View.php(229): CodeIgniter\View\View->CodeIgniter\View\{closure}()
 5 SYSTEMPATH\Common.php(1178): CodeIgniter\View\View->render('print_nota', [], true)
 6 APPPATH\Controllers\Home.php(1080): view('print_nota', [...])
 7 SYSTEMPATH\CodeIgniter.php(915): App\Controllers\Home->printnota('CPP-0004')
 8 SYSTEMPATH\CodeIgniter.php(492): CodeIgniter\CodeIgniter->runController(Object(App\Controllers\Home))
 9 SYSTEMPATH\CodeIgniter.php(353): CodeIgniter\CodeIgniter->handleRequest(null, Object(Config\Cache), false)
10 FCPATH\index.php(79): CodeIgniter\CodeIgniter->run()
11 SYSTEMPATH\Commands\Server\rewrite.php(47): require_once('E:\\pemesanan\\public\\index.php')
CRITICAL - 2024-07-30 12:00:18 --> imagecreatefrompng(): &quot;E:\pemesanan\public\images/cipta puri-01.png&quot; is not a valid PNG file
in APPPATH\Views\print_nota.php on line 11.
 1 [internal function]: CodeIgniter\Debug\Exceptions->errorHandler(2, 'imagecreatefrompng(): &quot;E:\\pemesanan\\public\\images/cipta puri-01.png&quot; is not a valid PNG file', 'E:\\pemesanan\\app\\Views\\print_nota.php', 11)
 2 APPPATH\Views\print_nota.php(11): imagecreatefrompng('E:\\pemesanan\\public\\images/cipta puri-01.png')
 3 APPPATH\Views\print_nota.php(56): convertToGrayscale('E:\\pemesanan\\public\\images/cipta puri-01.png')
 4 SYSTEMPATH\View\View.php(226): include('E:\\pemesanan\\app\\Views\\print_nota.php')
 5 SYSTEMPATH\View\View.php(229): CodeIgniter\View\View->CodeIgniter\View\{closure}()
 6 SYSTEMPATH\Common.php(1178): CodeIgniter\View\View->render('print_nota', [], true)
 7 APPPATH\Controllers\Home.php(1080): view('print_nota', [...])
 8 SYSTEMPATH\CodeIgniter.php(915): App\Controllers\Home->printnota('CPP-0004')
 9 SYSTEMPATH\CodeIgniter.php(492): CodeIgniter\CodeIgniter->runController(Object(App\Controllers\Home))
10 SYSTEMPATH\CodeIgniter.php(353): CodeIgniter\CodeIgniter->handleRequest(null, Object(Config\Cache), false)
11 FCPATH\index.php(79): CodeIgniter\CodeIgniter->run()
12 SYSTEMPATH\Commands\Server\rewrite.php(47): require_once('E:\\pemesanan\\public\\index.php')
ERROR - 2024-07-30 13:02:31 --> mysqli_sql_exception: Unknown column 'kode_keranjang' in 'where clause' in E:\pemesanan\system\Database\MySQLi\Connection.php:306
Stack trace:
#0 E:\pemesanan\system\Database\MySQLi\Connection.php(306): mysqli->query('SELECT *\nFROM `...', 0)
#1 E:\pemesanan\system\Database\BaseConnection.php(692): CodeIgniter\Database\MySQLi\Connection->execute('SELECT *\nFROM `...')
#2 E:\pemesanan\system\Database\BaseConnection.php(606): CodeIgniter\Database\BaseConnection->simpleQuery('SELECT *\nFROM `...')
#3 E:\pemesanan\system\Database\BaseBuilder.php(1749): CodeIgniter\Database\BaseConnection->query('SELECT *\nFROM `...', Array, false)
#4 E:\pemesanan\app\Models\M_pesan.php(41): CodeIgniter\Database\BaseBuilder->getWhere(Array)
#5 E:\pemesanan\app\Controllers\Home.php(350): App\Models\M_pesan->getWhere('setting', Array)
#6 E:\pemesanan\system\CodeIgniter.php(915): App\Controllers\Home->dkeranjang('CPP-0004')
#7 E:\pemesanan\system\CodeIgniter.php(492): CodeIgniter\CodeIgniter->runController(Object(App\Controllers\Home))
#8 E:\pemesanan\system\CodeIgniter.php(353): CodeIgniter\CodeIgniter->handleRequest(NULL, Object(Config\Cache), false)
#9 E:\pemesanan\public\index.php(79): CodeIgniter\CodeIgniter->run()
#10 E:\pemesanan\system\Commands\Server\rewrite.php(47): require_once('E:\\pemesanan\\pu...')
#11 {main}
CRITICAL - 2024-07-30 13:02:31 --> Unknown column 'kode_keranjang' in 'where clause'
in SYSTEMPATH\Database\BaseConnection.php on line 646.
 1 SYSTEMPATH\Database\BaseBuilder.php(1749): CodeIgniter\Database\BaseConnection->query('SELECT *
FROM `setting`
WHERE `kode_keranjang` = :kode_keranjang:', [...], false)
 2 APPPATH\Models\M_pesan.php(41): CodeIgniter\Database\BaseBuilder->getWhere([...])
 3 APPPATH\Controllers\Home.php(350): App\Models\M_pesan->getWhere('setting', [...])
 4 SYSTEMPATH\CodeIgniter.php(915): App\Controllers\Home->dkeranjang('CPP-0004')
 5 SYSTEMPATH\CodeIgniter.php(492): CodeIgniter\CodeIgniter->runController(Object(App\Controllers\Home))
 6 SYSTEMPATH\CodeIgniter.php(353): CodeIgniter\CodeIgniter->handleRequest(null, Object(Config\Cache), false)
 7 FCPATH\index.php(79): CodeIgniter\CodeIgniter->run()
 8 SYSTEMPATH\Commands\Server\rewrite.php(47): require_once('E:\\pemesanan\\public\\index.php')
ERROR - 2024-07-30 13:02:34 --> mysqli_sql_exception: Unknown column 'kode_keranjang' in 'where clause' in E:\pemesanan\system\Database\MySQLi\Connection.php:306
Stack trace:
#0 E:\pemesanan\system\Database\MySQLi\Connection.php(306): mysqli->query('SELECT *\nFROM `...', 0)
#1 E:\pemesanan\system\Database\BaseConnection.php(692): CodeIgniter\Database\MySQLi\Connection->execute('SELECT *\nFROM `...')
#2 E:\pemesanan\system\Database\BaseConnection.php(606): CodeIgniter\Database\BaseConnection->simpleQuery('SELECT *\nFROM `...')
#3 E:\pemesanan\system\Database\BaseBuilder.php(1749): CodeIgniter\Database\BaseConnection->query('SELECT *\nFROM `...', Array, false)
#4 E:\pemesanan\app\Models\M_pesan.php(41): CodeIgniter\Database\BaseBuilder->getWhere(Array)
#5 E:\pemesanan\app\Controllers\Home.php(350): App\Models\M_pesan->getWhere('setting', Array)
#6 E:\pemesanan\system\CodeIgniter.php(915): App\Controllers\Home->dkeranjang('CPP-0004')
#7 E:\pemesanan\system\CodeIgniter.php(492): CodeIgniter\CodeIgniter->runController(Object(App\Controllers\Home))
#8 E:\pemesanan\system\CodeIgniter.php(353): CodeIgniter\CodeIgniter->handleRequest(NULL, Object(Config\Cache), false)
#9 E:\pemesanan\public\index.php(79): CodeIgniter\CodeIgniter->run()
#10 E:\pemesanan\system\Commands\Server\rewrite.php(47): require_once('E:\\pemesanan\\pu...')
#11 {main}
CRITICAL - 2024-07-30 13:02:34 --> Unknown column 'kode_keranjang' in 'where clause'
in SYSTEMPATH\Database\BaseConnection.php on line 646.
 1 SYSTEMPATH\Database\BaseBuilder.php(1749): CodeIgniter\Database\BaseConnection->query('SELECT *
FROM `setting`
WHERE `kode_keranjang` = :kode_keranjang:', [...], false)
 2 APPPATH\Models\M_pesan.php(41): CodeIgniter\Database\BaseBuilder->getWhere([...])
 3 APPPATH\Controllers\Home.php(350): App\Models\M_pesan->getWhere('setting', [...])
 4 SYSTEMPATH\CodeIgniter.php(915): App\Controllers\Home->dkeranjang('CPP-0004')
 5 SYSTEMPATH\CodeIgniter.php(492): CodeIgniter\CodeIgniter->runController(Object(App\Controllers\Home))
 6 SYSTEMPATH\CodeIgniter.php(353): CodeIgniter\CodeIgniter->handleRequest(null, Object(Config\Cache), false)
 7 FCPATH\index.php(79): CodeIgniter\CodeIgniter->run()
 8 SYSTEMPATH\Commands\Server\rewrite.php(47): require_once('E:\\pemesanan\\public\\index.php')
ERROR - 2024-07-30 13:02:37 --> mysqli_sql_exception: Unknown column 'kode_keranjang' in 'where clause' in E:\pemesanan\system\Database\MySQLi\Connection.php:306
Stack trace:
#0 E:\pemesanan\system\Database\MySQLi\Connection.php(306): mysqli->query('SELECT *\nFROM `...', 0)
#1 E:\pemesanan\system\Database\BaseConnection.php(692): CodeIgniter\Database\MySQLi\Connection->execute('SELECT *\nFROM `...')
#2 E:\pemesanan\system\Database\BaseConnection.php(606): CodeIgniter\Database\BaseConnection->simpleQuery('SELECT *\nFROM `...')
#3 E:\pemesanan\system\Database\BaseBuilder.php(1749): CodeIgniter\Database\BaseConnection->query('SELECT *\nFROM `...', Array, false)
#4 E:\pemesanan\app\Models\M_pesan.php(41): CodeIgniter\Database\BaseBuilder->getWhere(Array)
#5 E:\pemesanan\app\Controllers\Home.php(350): App\Models\M_pesan->getWhere('setting', Array)
#6 E:\pemesanan\system\CodeIgniter.php(915): App\Controllers\Home->dkeranjang('CPP-0002')
#7 E:\pemesanan\system\CodeIgniter.php(492): CodeIgniter\CodeIgniter->runController(Object(App\Controllers\Home))
#8 E:\pemesanan\system\CodeIgniter.php(353): CodeIgniter\CodeIgniter->handleRequest(NULL, Object(Config\Cache), false)
#9 E:\pemesanan\public\index.php(79): CodeIgniter\CodeIgniter->run()
#10 E:\pemesanan\system\Commands\Server\rewrite.php(47): require_once('E:\\pemesanan\\pu...')
#11 {main}
CRITICAL - 2024-07-30 13:02:37 --> Unknown column 'kode_keranjang' in 'where clause'
in SYSTEMPATH\Database\BaseConnection.php on line 646.
 1 SYSTEMPATH\Database\BaseBuilder.php(1749): CodeIgniter\Database\BaseConnection->query('SELECT *
FROM `setting`
WHERE `kode_keranjang` = :kode_keranjang:', [...], false)
 2 APPPATH\Models\M_pesan.php(41): CodeIgniter\Database\BaseBuilder->getWhere([...])
 3 APPPATH\Controllers\Home.php(350): App\Models\M_pesan->getWhere('setting', [...])
 4 SYSTEMPATH\CodeIgniter.php(915): App\Controllers\Home->dkeranjang('CPP-0002')
 5 SYSTEMPATH\CodeIgniter.php(492): CodeIgniter\CodeIgniter->runController(Object(App\Controllers\Home))
 6 SYSTEMPATH\CodeIgniter.php(353): CodeIgniter\CodeIgniter->handleRequest(null, Object(Config\Cache), false)
 7 FCPATH\index.php(79): CodeIgniter\CodeIgniter->run()
 8 SYSTEMPATH\Commands\Server\rewrite.php(47): require_once('E:\\pemesanan\\public\\index.php')
ERROR - 2024-07-30 13:02:53 --> mysqli_sql_exception: Unknown column 'kode_keranjang' in 'where clause' in E:\pemesanan\system\Database\MySQLi\Connection.php:306
Stack trace:
#0 E:\pemesanan\system\Database\MySQLi\Connection.php(306): mysqli->query('SELECT *\nFROM `...', 0)
#1 E:\pemesanan\system\Database\BaseConnection.php(692): CodeIgniter\Database\MySQLi\Connection->execute('SELECT *\nFROM `...')
#2 E:\pemesanan\system\Database\BaseConnection.php(606): CodeIgniter\Database\BaseConnection->simpleQuery('SELECT *\nFROM `...')
#3 E:\pemesanan\system\Database\BaseBuilder.php(1749): CodeIgniter\Database\BaseConnection->query('SELECT *\nFROM `...', Array, false)
#4 E:\pemesanan\app\Models\M_pesan.php(41): CodeIgniter\Database\BaseBuilder->getWhere(Array)
#5 E:\pemesanan\app\Controllers\Home.php(350): App\Models\M_pesan->getWhere('setting', Array)
#6 E:\pemesanan\system\CodeIgniter.php(915): App\Controllers\Home->dkeranjang('CPP-0002')
#7 E:\pemesanan\system\CodeIgniter.php(492): CodeIgniter\CodeIgniter->runController(Object(App\Controllers\Home))
#8 E:\pemesanan\system\CodeIgniter.php(353): CodeIgniter\CodeIgniter->handleRequest(NULL, Object(Config\Cache), false)
#9 E:\pemesanan\public\index.php(79): CodeIgniter\CodeIgniter->run()
#10 E:\pemesanan\system\Commands\Server\rewrite.php(47): require_once('E:\\pemesanan\\pu...')
#11 {main}
CRITICAL - 2024-07-30 13:02:53 --> Unknown column 'kode_keranjang' in 'where clause'
in SYSTEMPATH\Database\BaseConnection.php on line 646.
 1 SYSTEMPATH\Database\BaseBuilder.php(1749): CodeIgniter\Database\BaseConnection->query('SELECT *
FROM `setting`
WHERE `kode_keranjang` = :kode_keranjang:', [...], false)
 2 APPPATH\Models\M_pesan.php(41): CodeIgniter\Database\BaseBuilder->getWhere([...])
 3 APPPATH\Controllers\Home.php(350): App\Models\M_pesan->getWhere('setting', [...])
 4 SYSTEMPATH\CodeIgniter.php(915): App\Controllers\Home->dkeranjang('CPP-0002')
 5 SYSTEMPATH\CodeIgniter.php(492): CodeIgniter\CodeIgniter->runController(Object(App\Controllers\Home))
 6 SYSTEMPATH\CodeIgniter.php(353): CodeIgniter\CodeIgniter->handleRequest(null, Object(Config\Cache), false)
 7 FCPATH\index.php(79): CodeIgniter\CodeIgniter->run()
 8 SYSTEMPATH\Commands\Server\rewrite.php(47): require_once('E:\\pemesanan\\public\\index.php')
CRITICAL - 2024-07-30 13:15:03 --> You must set the database table to be used with your query.
in SYSTEMPATH\Database\BaseConnection.php on line 883.
 1 SYSTEMPATH\Model.php(635): CodeIgniter\Database\BaseConnection->table(null)
 2 SYSTEMPATH\Model.php(863): CodeIgniter\Model->builder()
 3 APPPATH\Controllers\Home.php(988): CodeIgniter\Model->__call('upload1', [...])
 4 SYSTEMPATH\CodeIgniter.php(915): App\Controllers\Home->aksi_eprofile()
 5 SYSTEMPATH\CodeIgniter.php(492): CodeIgniter\CodeIgniter->runController(Object(App\Controllers\Home))
 6 SYSTEMPATH\CodeIgniter.php(353): CodeIgniter\CodeIgniter->handleRequest(null, Object(Config\Cache), false)
 7 FCPATH\index.php(79): CodeIgniter\CodeIgniter->run()
 8 SYSTEMPATH\Commands\Server\rewrite.php(47): require_once('E:\\pemesanan\\public\\index.php')
CRITICAL - 2024-07-30 13:23:32 --> You must set the database table to be used with your query.
in SYSTEMPATH\Database\BaseConnection.php on line 883.
 1 SYSTEMPATH\Model.php(635): CodeIgniter\Database\BaseConnection->table(null)
 2 SYSTEMPATH\Model.php(863): CodeIgniter\Model->builder()
 3 APPPATH\Controllers\Home.php(988): CodeIgniter\Model->__call('upload1', [...])
 4 SYSTEMPATH\CodeIgniter.php(915): App\Controllers\Home->aksi_eprofile()
 5 SYSTEMPATH\CodeIgniter.php(492): CodeIgniter\CodeIgniter->runController(Object(App\Controllers\Home))
 6 SYSTEMPATH\CodeIgniter.php(353): CodeIgniter\CodeIgniter->handleRequest(null, Object(Config\Cache), false)
 7 FCPATH\index.php(79): CodeIgniter\CodeIgniter->run()
 8 SYSTEMPATH\Commands\Server\rewrite.php(47): require_once('E:\\pemesanan\\public\\index.php')
CRITICAL - 2024-07-30 06:36:34 --> Cannot redeclare App\Controllers\Home::rbarang()
in APPPATH\Controllers\Home.php on line 1162.
 1 [internal function]: CodeIgniter\Debug\Exceptions->shutdownHandler()
CRITICAL - 2024-07-30 06:36:56 --> syntax error, unexpected token "public", expecting end of file
in APPPATH\Controllers\Home.php on line 1162.
 1 SYSTEMPATH\Autoloader\Autoloader.php(250): CodeIgniter\Autoloader\Autoloader->includeFile('E:\\pemesanan\\vendor\\composer/../../app/Controllers/Home.php')
 2 [internal function]: CodeIgniter\Autoloader\Autoloader->loadClassmap('App\\Controllers\\Home')
 3 SYSTEMPATH\CodeIgniter.php(873): class_exists('\\App\\Controllers\\Home', true)
 4 SYSTEMPATH\CodeIgniter.php(479): CodeIgniter\CodeIgniter->startController()
 5 SYSTEMPATH\CodeIgniter.php(353): CodeIgniter\CodeIgniter->handleRequest(null, Object(Config\Cache), false)
 6 FCPATH\index.php(79): CodeIgniter\CodeIgniter->run()
 7 SYSTEMPATH\Commands\Server\rewrite.php(47): require_once('E:\\pemesanan\\public\\index.php')
