CRITICAL - 2024-07-29 04:11:01 --> syntax error, unexpected token "public", expecting end of file
in APPPATH\Controllers\Home.php on line 573.
 1 SYSTEMPATH\Autoloader\Autoloader.php(285): CodeIgniter\Autoloader\Autoloader->includeFile('E:\\pemesanan\\app\\Controllers\\Home.php')
 2 SYSTEMPATH\Autoloader\Autoloader.php(263): CodeIgniter\Autoloader\Autoloader->loadInNamespace('App\\Controllers\\Home')
 3 [internal function]: CodeIgniter\Autoloader\Autoloader->loadClass('App\\Controllers\\Home')
 4 SYSTEMPATH\CodeIgniter.php(873): class_exists('\\App\\Controllers\\Home', true)
 5 SYSTEMPATH\CodeIgniter.php(479): CodeIgniter\CodeIgniter->startController()
 6 SYSTEMPATH\CodeIgniter.php(353): CodeIgniter\CodeIgniter->handleRequest(null, Object(Config\Cache), false)
 7 FCPATH\index.php(79): CodeIgniter\CodeIgniter->run()
 8 SYSTEMPATH\Commands\Server\rewrite.php(47): require_once('E:\\pemesanan\\public\\index.php')
CRITICAL - 2024-07-29 04:11:21 --> You must set the database table to be used with your query.
in SYSTEMPATH\Database\BaseConnection.php on line 883.
 1 SYSTEMPATH\Model.php(635): CodeIgniter\Database\BaseConnection->table(null)
 2 SYSTEMPATH\Model.php(863): CodeIgniter\Model->builder()
 3 APPPATH\Controllers\Home.php(558): CodeIgniter\Model->__call('groupbyjoin3where', [...])
 4 SYSTEMPATH\CodeIgniter.php(915): App\Controllers\Home->keranjang('9')
 5 SYSTEMPATH\CodeIgniter.php(492): CodeIgniter\CodeIgniter->runController(Object(App\Controllers\Home))
 6 SYSTEMPATH\CodeIgniter.php(353): CodeIgniter\CodeIgniter->handleRequest(null, Object(Config\Cache), false)
 7 FCPATH\index.php(79): CodeIgniter\CodeIgniter->run()
 8 SYSTEMPATH\Commands\Server\rewrite.php(47): require_once('E:\\pemesanan\\public\\index.php')
CRITICAL - 2024-07-29 04:13:07 --> You must set the database table to be used with your query.
in SYSTEMPATH\Database\BaseConnection.php on line 883.
 1 SYSTEMPATH\Model.php(635): CodeIgniter\Database\BaseConnection->table(null)
 2 SYSTEMPATH\Model.php(863): CodeIgniter\Model->builder()
 3 APPPATH\Controllers\Home.php(558): CodeIgniter\Model->__call('groupbyjoin3where', [...])
 4 SYSTEMPATH\CodeIgniter.php(915): App\Controllers\Home->keranjang('9')
 5 SYSTEMPATH\CodeIgniter.php(492): CodeIgniter\CodeIgniter->runController(Object(App\Controllers\Home))
 6 SYSTEMPATH\CodeIgniter.php(353): CodeIgniter\CodeIgniter->handleRequest(null, Object(Config\Cache), false)
 7 FCPATH\index.php(79): CodeIgniter\CodeIgniter->run()
 8 SYSTEMPATH\Commands\Server\rewrite.php(47): require_once('E:\\pemesanan\\public\\index.php')
CRITICAL - 2024-07-29 04:13:10 --> You must set the database table to be used with your query.
in SYSTEMPATH\Database\BaseConnection.php on line 883.
 1 SYSTEMPATH\Model.php(635): CodeIgniter\Database\BaseConnection->table(null)
 2 SYSTEMPATH\Model.php(863): CodeIgniter\Model->builder()
 3 APPPATH\Controllers\Home.php(558): CodeIgniter\Model->__call('groupbyjoin3where', [...])
 4 SYSTEMPATH\CodeIgniter.php(915): App\Controllers\Home->keranjang('9')
 5 SYSTEMPATH\CodeIgniter.php(492): CodeIgniter\CodeIgniter->runController(Object(App\Controllers\Home))
 6 SYSTEMPATH\CodeIgniter.php(353): CodeIgniter\CodeIgniter->handleRequest(null, Object(Config\Cache), false)
 7 FCPATH\index.php(79): CodeIgniter\CodeIgniter->run()
 8 SYSTEMPATH\Commands\Server\rewrite.php(47): require_once('E:\\pemesanan\\public\\index.php')
CRITICAL - 2024-07-29 04:13:11 --> You must set the database table to be used with your query.
in SYSTEMPATH\Database\BaseConnection.php on line 883.
 1 SYSTEMPATH\Model.php(635): CodeIgniter\Database\BaseConnection->table(null)
 2 SYSTEMPATH\Model.php(863): CodeIgniter\Model->builder()
 3 APPPATH\Controllers\Home.php(558): CodeIgniter\Model->__call('groupbyjoin3where', [...])
 4 SYSTEMPATH\CodeIgniter.php(915): App\Controllers\Home->keranjang('9')
 5 SYSTEMPATH\CodeIgniter.php(492): CodeIgniter\CodeIgniter->runController(Object(App\Controllers\Home))
 6 SYSTEMPATH\CodeIgniter.php(353): CodeIgniter\CodeIgniter->handleRequest(null, Object(Config\Cache), false)
 7 FCPATH\index.php(79): CodeIgniter\CodeIgniter->run()
 8 SYSTEMPATH\Commands\Server\rewrite.php(47): require_once('E:\\pemesanan\\public\\index.php')
CRITICAL - 2024-07-29 04:13:26 --> You must set the database table to be used with your query.
in SYSTEMPATH\Database\BaseConnection.php on line 883.
 1 SYSTEMPATH\Model.php(635): CodeIgniter\Database\BaseConnection->table(null)
 2 SYSTEMPATH\Model.php(863): CodeIgniter\Model->builder()
 3 APPPATH\Controllers\Home.php(558): CodeIgniter\Model->__call('groupbyjoin3where', [...])
 4 SYSTEMPATH\CodeIgniter.php(915): App\Controllers\Home->keranjang('9')
 5 SYSTEMPATH\CodeIgniter.php(492): CodeIgniter\CodeIgniter->runController(Object(App\Controllers\Home))
 6 SYSTEMPATH\CodeIgniter.php(353): CodeIgniter\CodeIgniter->handleRequest(null, Object(Config\Cache), false)
 7 FCPATH\index.php(79): CodeIgniter\CodeIgniter->run()
 8 SYSTEMPATH\Commands\Server\rewrite.php(47): require_once('E:\\pemesanan\\public\\index.php')
CRITICAL - 2024-07-29 04:13:31 --> You must set the database table to be used with your query.
in SYSTEMPATH\Database\BaseConnection.php on line 883.
 1 SYSTEMPATH\Model.php(635): CodeIgniter\Database\BaseConnection->table(null)
 2 SYSTEMPATH\Model.php(863): CodeIgniter\Model->builder()
 3 APPPATH\Controllers\Home.php(558): CodeIgniter\Model->__call('groupbyjoin3where', [...])
 4 SYSTEMPATH\CodeIgniter.php(915): App\Controllers\Home->keranjang('9')
 5 SYSTEMPATH\CodeIgniter.php(492): CodeIgniter\CodeIgniter->runController(Object(App\Controllers\Home))
 6 SYSTEMPATH\CodeIgniter.php(353): CodeIgniter\CodeIgniter->handleRequest(null, Object(Config\Cache), false)
 7 FCPATH\index.php(79): CodeIgniter\CodeIgniter->run()
 8 SYSTEMPATH\Commands\Server\rewrite.php(47): require_once('E:\\pemesanan\\public\\index.php')
CRITICAL - 2024-07-29 04:15:50 --> You must set the database table to be used with your query.
in SYSTEMPATH\Database\BaseConnection.php on line 883.
 1 SYSTEMPATH\Model.php(635): CodeIgniter\Database\BaseConnection->table(null)
 2 SYSTEMPATH\Model.php(863): CodeIgniter\Model->builder()
 3 APPPATH\Controllers\Home.php(558): CodeIgniter\Model->__call('groupbyjoin3where', [...])
 4 SYSTEMPATH\CodeIgniter.php(915): App\Controllers\Home->keranjang('9')
 5 SYSTEMPATH\CodeIgniter.php(492): CodeIgniter\CodeIgniter->runController(Object(App\Controllers\Home))
 6 SYSTEMPATH\CodeIgniter.php(353): CodeIgniter\CodeIgniter->handleRequest(null, Object(Config\Cache), false)
 7 FCPATH\index.php(79): CodeIgniter\CodeIgniter->run()
 8 SYSTEMPATH\Commands\Server\rewrite.php(47): require_once('E:\\pemesanan\\public\\index.php')
CRITICAL - 2024-07-29 04:16:57 --> syntax error, unexpected string content "l…", expecting ")"
in APPPATH\Models\M_pesan.php on line 185.
 1 SYSTEMPATH\Autoloader\Autoloader.php(285): CodeIgniter\Autoloader\Autoloader->includeFile('E:\\pemesanan\\app\\Models\\M_pesan.php')
 2 SYSTEMPATH\Autoloader\Autoloader.php(263): CodeIgniter\Autoloader\Autoloader->loadInNamespace('App\\Models\\M_pesan')
 3 APPPATH\Controllers\Home.php(538): CodeIgniter\Autoloader\Autoloader->loadClass('App\\Models\\M_pesan')
 4 SYSTEMPATH\CodeIgniter.php(915): App\Controllers\Home->keranjang('9')
 5 SYSTEMPATH\CodeIgniter.php(492): CodeIgniter\CodeIgniter->runController(Object(App\Controllers\Home))
 6 SYSTEMPATH\CodeIgniter.php(353): CodeIgniter\CodeIgniter->handleRequest(null, Object(Config\Cache), false)
 7 FCPATH\index.php(79): CodeIgniter\CodeIgniter->run()
 8 SYSTEMPATH\Commands\Server\rewrite.php(47): require_once('E:\\pemesanan\\public\\index.php')
CRITICAL - 2024-07-29 04:18:26 --> Cannot redeclare App\Models\M_pesan::groupbyjoinn()
in APPPATH\Models\M_pesan.php on line 171.
 1 [internal function]: CodeIgniter\Debug\Exceptions->shutdownHandler()
CRITICAL - 2024-07-29 04:27:52 --> Cannot redeclare App\Models\M_pesan::groupbyjoinn()
in APPPATH\Models\M_pesan.php on line 162.
 1 [internal function]: CodeIgniter\Debug\Exceptions->shutdownHandler()
ERROR - 2024-07-29 04:28:44 --> mysqli_sql_exception: You have an error in your SQL syntax; check the manual that corresponds to your MariaDB server version for the right syntax to use near ' `barang`., SUM(keranjang.quantity * barang.harga_jual) as total_harga
FROM `...' at line 1 in E:\pemesanan\system\Database\MySQLi\Connection.php:306
Stack trace:
#0 E:\pemesanan\system\Database\MySQLi\Connection.php(306): mysqli->query('SELECT `keranja...', 0)
#1 E:\pemesanan\system\Database\BaseConnection.php(692): CodeIgniter\Database\MySQLi\Connection->execute('SELECT `keranja...')
#2 E:\pemesanan\system\Database\BaseConnection.php(606): CodeIgniter\Database\BaseConnection->simpleQuery('SELECT `keranja...')
#3 E:\pemesanan\system\Database\BaseBuilder.php(1616): CodeIgniter\Database\BaseConnection->query('SELECT `keranja...', Array, false)
#4 E:\pemesanan\app\Models\M_pesan.php(288): CodeIgniter\Database\BaseBuilder->get()
#5 E:\pemesanan\app\Controllers\Home.php(558): App\Models\M_pesan->groupbyjoin3where(Array)
#6 E:\pemesanan\system\CodeIgniter.php(915): App\Controllers\Home->keranjang('9')
#7 E:\pemesanan\system\CodeIgniter.php(492): CodeIgniter\CodeIgniter->runController(Object(App\Controllers\Home))
#8 E:\pemesanan\system\CodeIgniter.php(353): CodeIgniter\CodeIgniter->handleRequest(NULL, Object(Config\Cache), false)
#9 E:\pemesanan\public\index.php(79): CodeIgniter\CodeIgniter->run()
#10 E:\pemesanan\system\Commands\Server\rewrite.php(47): require_once('E:\\pemesanan\\pu...')
#11 {main}
CRITICAL - 2024-07-29 04:28:44 --> You have an error in your SQL syntax; check the manual that corresponds to your MariaDB server version for the right syntax to use near ' `barang`., SUM(keranjang.quantity * barang.harga_jual) as total_harga
FROM `...' at line 1
in SYSTEMPATH\Database\BaseConnection.php on line 646.
 1 SYSTEMPATH\Database\BaseBuilder.php(1616): CodeIgniter\Database\BaseConnection->query('SELECT `keranjang`., `barang`., SUM(keranjang.quantity * barang.harga_jual) as total_harga
FROM `keranjang`
LEFT JOIN `barang` ON `keranjang`.`id_barang` = `barang`.`id_barang`
WHERE `keranjang`.`deletek` = :keranjang.deletek:
GROUP BY `keranjang`.`kode_keranjang`
ORDER BY `keranjang`.`create_at` DESC', [...], false)
 2 APPPATH\Models\M_pesan.php(288): CodeIgniter\Database\BaseBuilder->get()
 3 APPPATH\Controllers\Home.php(558): App\Models\M_pesan->groupbyjoin3where([...])
 4 SYSTEMPATH\CodeIgniter.php(915): App\Controllers\Home->keranjang('9')
 5 SYSTEMPATH\CodeIgniter.php(492): CodeIgniter\CodeIgniter->runController(Object(App\Controllers\Home))
 6 SYSTEMPATH\CodeIgniter.php(353): CodeIgniter\CodeIgniter->handleRequest(null, Object(Config\Cache), false)
 7 FCPATH\index.php(79): CodeIgniter\CodeIgniter->run()
 8 SYSTEMPATH\Commands\Server\rewrite.php(47): require_once('E:\\pemesanan\\public\\index.php')
CRITICAL - 2024-07-29 04:29:16 --> Cannot redeclare App\Models\M_pesan::groupbyjoinn()
in APPPATH\Models\M_pesan.php on line 171.
 1 [internal function]: CodeIgniter\Debug\Exceptions->shutdownHandler()
CRITICAL - 2024-07-29 04:29:46 --> Cannot redeclare App\Models\M_pesan::groupbyjoinnwhere()
in APPPATH\Models\M_pesan.php on line 196.
 1 [internal function]: CodeIgniter\Debug\Exceptions->shutdownHandler()
CRITICAL - 2024-07-29 04:30:12 --> Cannot redeclare App\Models\M_pesan::groupbyjoinnwhere()
in APPPATH\Models\M_pesan.php on line 186.
 1 [internal function]: CodeIgniter\Debug\Exceptions->shutdownHandler()
CRITICAL - 2024-07-29 04:31:35 --> Unclosed '{' on line 7
in APPPATH\Models\M_pesan.php on line 283.
 1 SYSTEMPATH\Autoloader\Autoloader.php(285): CodeIgniter\Autoloader\Autoloader->includeFile('E:\\pemesanan\\app\\Models\\M_pesan.php')
 2 SYSTEMPATH\Autoloader\Autoloader.php(263): CodeIgniter\Autoloader\Autoloader->loadInNamespace('App\\Models\\M_pesan')
 3 APPPATH\Controllers\Home.php(538): CodeIgniter\Autoloader\Autoloader->loadClass('App\\Models\\M_pesan')
 4 SYSTEMPATH\CodeIgniter.php(915): App\Controllers\Home->keranjang('9')
 5 SYSTEMPATH\CodeIgniter.php(492): CodeIgniter\CodeIgniter->runController(Object(App\Controllers\Home))
 6 SYSTEMPATH\CodeIgniter.php(353): CodeIgniter\CodeIgniter->handleRequest(null, Object(Config\Cache), false)
 7 FCPATH\index.php(79): CodeIgniter\CodeIgniter->run()
 8 SYSTEMPATH\Commands\Server\rewrite.php(47): require_once('E:\\pemesanan\\public\\index.php')
ERROR - 2024-07-29 04:31:47 --> mysqli_sql_exception: You have an error in your SQL syntax; check the manual that corresponds to your MariaDB server version for the right syntax to use near ' `barang`., SUM(keranjang.quantity * barang.harga_jual) as total_harga
FROM `...' at line 1 in E:\pemesanan\system\Database\MySQLi\Connection.php:306
Stack trace:
#0 E:\pemesanan\system\Database\MySQLi\Connection.php(306): mysqli->query('SELECT `keranja...', 0)
#1 E:\pemesanan\system\Database\BaseConnection.php(692): CodeIgniter\Database\MySQLi\Connection->execute('SELECT `keranja...')
#2 E:\pemesanan\system\Database\BaseConnection.php(606): CodeIgniter\Database\BaseConnection->simpleQuery('SELECT `keranja...')
#3 E:\pemesanan\system\Database\BaseBuilder.php(1616): CodeIgniter\Database\BaseConnection->query('SELECT `keranja...', Array, false)
#4 E:\pemesanan\app\Models\M_pesan.php(282): CodeIgniter\Database\BaseBuilder->get()
#5 E:\pemesanan\app\Controllers\Home.php(558): App\Models\M_pesan->groupbyjoin3where(Array)
#6 E:\pemesanan\system\CodeIgniter.php(915): App\Controllers\Home->keranjang('9')
#7 E:\pemesanan\system\CodeIgniter.php(492): CodeIgniter\CodeIgniter->runController(Object(App\Controllers\Home))
#8 E:\pemesanan\system\CodeIgniter.php(353): CodeIgniter\CodeIgniter->handleRequest(NULL, Object(Config\Cache), false)
#9 E:\pemesanan\public\index.php(79): CodeIgniter\CodeIgniter->run()
#10 E:\pemesanan\system\Commands\Server\rewrite.php(47): require_once('E:\\pemesanan\\pu...')
#11 {main}
CRITICAL - 2024-07-29 04:31:47 --> You have an error in your SQL syntax; check the manual that corresponds to your MariaDB server version for the right syntax to use near ' `barang`., SUM(keranjang.quantity * barang.harga_jual) as total_harga
FROM `...' at line 1
in SYSTEMPATH\Database\BaseConnection.php on line 646.
 1 SYSTEMPATH\Database\BaseBuilder.php(1616): CodeIgniter\Database\BaseConnection->query('SELECT `keranjang`., `barang`., SUM(keranjang.quantity * barang.harga_jual) as total_harga
FROM `keranjang`
LEFT JOIN `barang` ON `keranjang`.`id_barang` = `barang`.`id_barang`
WHERE `keranjang`.`deletek` = :keranjang.deletek:
GROUP BY `keranjang`.`kode_keranjang`
ORDER BY `keranjang`.`create_at` DESC', [...], false)
 2 APPPATH\Models\M_pesan.php(282): CodeIgniter\Database\BaseBuilder->get()
 3 APPPATH\Controllers\Home.php(558): App\Models\M_pesan->groupbyjoin3where([...])
 4 SYSTEMPATH\CodeIgniter.php(915): App\Controllers\Home->keranjang('9')
 5 SYSTEMPATH\CodeIgniter.php(492): CodeIgniter\CodeIgniter->runController(Object(App\Controllers\Home))
 6 SYSTEMPATH\CodeIgniter.php(353): CodeIgniter\CodeIgniter->handleRequest(null, Object(Config\Cache), false)
 7 FCPATH\index.php(79): CodeIgniter\CodeIgniter->run()
 8 SYSTEMPATH\Commands\Server\rewrite.php(47): require_once('E:\\pemesanan\\public\\index.php')
CRITICAL - 2024-07-29 04:51:57 --> syntax error, unexpected token "public"
in APPPATH\Controllers\Home.php on line 588.
 1 SYSTEMPATH\Autoloader\Autoloader.php(285): CodeIgniter\Autoloader\Autoloader->includeFile('E:\\pemesanan\\app\\Controllers\\Home.php')
 2 SYSTEMPATH\Autoloader\Autoloader.php(263): CodeIgniter\Autoloader\Autoloader->loadInNamespace('App\\Controllers\\Home')
 3 [internal function]: CodeIgniter\Autoloader\Autoloader->loadClass('App\\Controllers\\Home')
 4 SYSTEMPATH\CodeIgniter.php(873): class_exists('\\App\\Controllers\\Home', true)
 5 SYSTEMPATH\CodeIgniter.php(479): CodeIgniter\CodeIgniter->startController()
 6 SYSTEMPATH\CodeIgniter.php(353): CodeIgniter\CodeIgniter->handleRequest(null, Object(Config\Cache), false)
 7 FCPATH\index.php(79): CodeIgniter\CodeIgniter->run()
 8 SYSTEMPATH\Commands\Server\rewrite.php(47): require_once('E:\\pemesanan\\public\\index.php')
CRITICAL - 2024-07-29 04:52:25 --> syntax error, unexpected token "public", expecting end of file
in APPPATH\Controllers\Home.php on line 639.
 1 SYSTEMPATH\Autoloader\Autoloader.php(285): CodeIgniter\Autoloader\Autoloader->includeFile('E:\\pemesanan\\app\\Controllers\\Home.php')
 2 SYSTEMPATH\Autoloader\Autoloader.php(263): CodeIgniter\Autoloader\Autoloader->loadInNamespace('App\\Controllers\\Home')
 3 [internal function]: CodeIgniter\Autoloader\Autoloader->loadClass('App\\Controllers\\Home')
 4 SYSTEMPATH\CodeIgniter.php(873): class_exists('\\App\\Controllers\\Home', true)
 5 SYSTEMPATH\CodeIgniter.php(479): CodeIgniter\CodeIgniter->startController()
 6 SYSTEMPATH\CodeIgniter.php(353): CodeIgniter\CodeIgniter->handleRequest(null, Object(Config\Cache), false)
 7 FCPATH\index.php(79): CodeIgniter\CodeIgniter->run()
 8 SYSTEMPATH\Commands\Server\rewrite.php(47): require_once('E:\\pemesanan\\public\\index.php')
CRITICAL - 2024-07-29 04:53:23 --> Class "App\Controllers\M_pb" not found
in APPPATH\Controllers\Home.php on line 838.
 1 SYSTEMPATH\CodeIgniter.php(915): App\Controllers\Home->pesanan()
 2 SYSTEMPATH\CodeIgniter.php(492): CodeIgniter\CodeIgniter->runController(Object(App\Controllers\Home))
 3 SYSTEMPATH\CodeIgniter.php(353): CodeIgniter\CodeIgniter->handleRequest(null, Object(Config\Cache), false)
 4 FCPATH\index.php(79): CodeIgniter\CodeIgniter->run()
 5 SYSTEMPATH\Commands\Server\rewrite.php(47): require_once('E:\\pemesanan\\public\\index.php')
ERROR - 2024-07-29 04:53:41 --> mysqli_sql_exception: Unknown column 'status_transaksi' in 'where clause' in E:\pemesanan\system\Database\MySQLi\Connection.php:306
Stack trace:
#0 E:\pemesanan\system\Database\MySQLi\Connection.php(306): mysqli->query('SELECT *\nFROM `...', 0)
#1 E:\pemesanan\system\Database\BaseConnection.php(692): CodeIgniter\Database\MySQLi\Connection->execute('SELECT *\nFROM `...')
#2 E:\pemesanan\system\Database\BaseConnection.php(606): CodeIgniter\Database\BaseConnection->simpleQuery('SELECT *\nFROM `...')
#3 E:\pemesanan\system\Database\BaseBuilder.php(1616): CodeIgniter\Database\BaseConnection->query('SELECT *\nFROM `...', Array, false)
#4 E:\pemesanan\app\Models\M_pesan.php(241): CodeIgniter\Database\BaseBuilder->get()
#5 E:\pemesanan\app\Controllers\Home.php(870): App\Models\M_pesan->groupbyjoinnwhere2(Array, Array)
#6 E:\pemesanan\system\CodeIgniter.php(915): App\Controllers\Home->pesanan()
#7 E:\pemesanan\system\CodeIgniter.php(492): CodeIgniter\CodeIgniter->runController(Object(App\Controllers\Home))
#8 E:\pemesanan\system\CodeIgniter.php(353): CodeIgniter\CodeIgniter->handleRequest(NULL, Object(Config\Cache), false)
#9 E:\pemesanan\public\index.php(79): CodeIgniter\CodeIgniter->run()
#10 E:\pemesanan\system\Commands\Server\rewrite.php(47): require_once('E:\\pemesanan\\pu...')
#11 {main}
CRITICAL - 2024-07-29 04:53:41 --> Unknown column 'status_transaksi' in 'where clause'
in SYSTEMPATH\Database\BaseConnection.php on line 646.
 1 SYSTEMPATH\Database\BaseBuilder.php(1616): CodeIgniter\Database\BaseConnection->query('SELECT *
FROM `transaksi`
LEFT JOIN `keranjang` ON `transaksi`.`kode_keranjang`=`keranjang`.`kode_keranjang`
LEFT JOIN `barang` ON `keranjang`.`id_barang`=`barang`.`id_barang`
WHERE   (
`status_transaksi` = :status_transaksi:
AND `status_transaksi` = :status_transaksi.1:
 )
GROUP BY `keranjang`.`kode_keranjang`
ORDER BY `transaksi`.`create_at` DESC', [...], false)
 2 APPPATH\Models\M_pesan.php(241): CodeIgniter\Database\BaseBuilder->get()
 3 APPPATH\Controllers\Home.php(870): App\Models\M_pesan->groupbyjoinnwhere2([...], [...])
 4 SYSTEMPATH\CodeIgniter.php(915): App\Controllers\Home->pesanan()
 5 SYSTEMPATH\CodeIgniter.php(492): CodeIgniter\CodeIgniter->runController(Object(App\Controllers\Home))
 6 SYSTEMPATH\CodeIgniter.php(353): CodeIgniter\CodeIgniter->handleRequest(null, Object(Config\Cache), false)
 7 FCPATH\index.php(79): CodeIgniter\CodeIgniter->run()
 8 SYSTEMPATH\Commands\Server\rewrite.php(47): require_once('E:\\pemesanan\\public\\index.php')
CRITICAL - 2024-07-29 12:25:12 --> You must set the database table to be used with your query.
in SYSTEMPATH\Database\BaseConnection.php on line 883.
 1 SYSTEMPATH\Model.php(635): CodeIgniter\Database\BaseConnection->table(null)
 2 SYSTEMPATH\Model.php(863): CodeIgniter\Model->builder()
 3 APPPATH\Controllers\Home.php(725): CodeIgniter\Model->__call('getLastTransaction', [])
 4 APPPATH\Controllers\Home.php(738): App\Controllers\Home->generateTransactionNumber()
 5 SYSTEMPATH\CodeIgniter.php(915): App\Controllers\Home->cash()
 6 SYSTEMPATH\CodeIgniter.php(492): CodeIgniter\CodeIgniter->runController(Object(App\Controllers\Home))
 7 SYSTEMPATH\CodeIgniter.php(353): CodeIgniter\CodeIgniter->handleRequest(null, Object(Config\Cache), false)
 8 FCPATH\index.php(79): CodeIgniter\CodeIgniter->run()
 9 SYSTEMPATH\Commands\Server\rewrite.php(47): require_once('E:\\pemesanan\\public\\index.php')
CRITICAL - 2024-07-29 12:27:54 --> You must set the database table to be used with your query.
in SYSTEMPATH\Database\BaseConnection.php on line 883.
 1 SYSTEMPATH\Model.php(635): CodeIgniter\Database\BaseConnection->table(null)
 2 SYSTEMPATH\Model.php(863): CodeIgniter\Model->builder()
 3 APPPATH\Controllers\Home.php(725): CodeIgniter\Model->__call('getLastTransaction', [])
 4 APPPATH\Controllers\Home.php(738): App\Controllers\Home->generateTransactionNumber()
 5 SYSTEMPATH\CodeIgniter.php(915): App\Controllers\Home->cash()
 6 SYSTEMPATH\CodeIgniter.php(492): CodeIgniter\CodeIgniter->runController(Object(App\Controllers\Home))
 7 SYSTEMPATH\CodeIgniter.php(353): CodeIgniter\CodeIgniter->handleRequest(null, Object(Config\Cache), false)
 8 FCPATH\index.php(79): CodeIgniter\CodeIgniter->run()
 9 SYSTEMPATH\Commands\Server\rewrite.php(47): require_once('E:\\pemesanan\\public\\index.php')
CRITICAL - 2024-07-29 12:29:45 --> Class "App\Controllers\M_pb" not found
in APPPATH\Controllers\Home.php on line 737.
 1 SYSTEMPATH\CodeIgniter.php(915): App\Controllers\Home->cash()
 2 SYSTEMPATH\CodeIgniter.php(492): CodeIgniter\CodeIgniter->runController(Object(App\Controllers\Home))
 3 SYSTEMPATH\CodeIgniter.php(353): CodeIgniter\CodeIgniter->handleRequest(null, Object(Config\Cache), false)
 4 FCPATH\index.php(79): CodeIgniter\CodeIgniter->run()
 5 SYSTEMPATH\Commands\Server\rewrite.php(47): require_once('E:\\pemesanan\\public\\index.php')
CRITICAL - 2024-07-29 12:30:09 --> You must set the database table to be used with your query.
in SYSTEMPATH\Database\BaseConnection.php on line 883.
 1 SYSTEMPATH\Model.php(635): CodeIgniter\Database\BaseConnection->table(null)
 2 SYSTEMPATH\Model.php(863): CodeIgniter\Model->builder()
 3 APPPATH\Controllers\Home.php(725): CodeIgniter\Model->__call('getLastTransaction', [])
 4 APPPATH\Controllers\Home.php(738): App\Controllers\Home->generateTransactionNumber()
 5 SYSTEMPATH\CodeIgniter.php(915): App\Controllers\Home->cash()
 6 SYSTEMPATH\CodeIgniter.php(492): CodeIgniter\CodeIgniter->runController(Object(App\Controllers\Home))
 7 SYSTEMPATH\CodeIgniter.php(353): CodeIgniter\CodeIgniter->handleRequest(null, Object(Config\Cache), false)
 8 FCPATH\index.php(79): CodeIgniter\CodeIgniter->run()
 9 SYSTEMPATH\Commands\Server\rewrite.php(47): require_once('E:\\pemesanan\\public\\index.php')
CRITICAL - 2024-07-29 12:31:29 --> You must set the database table to be used with your query.
in SYSTEMPATH\Database\BaseConnection.php on line 883.
 1 SYSTEMPATH\Model.php(635): CodeIgniter\Database\BaseConnection->table(null)
 2 SYSTEMPATH\Model.php(863): CodeIgniter\Model->builder()
 3 APPPATH\Controllers\Home.php(725): CodeIgniter\Model->__call('getLastTransaction', [])
 4 APPPATH\Controllers\Home.php(738): App\Controllers\Home->generateTransactionNumber()
 5 SYSTEMPATH\CodeIgniter.php(915): App\Controllers\Home->cash()
 6 SYSTEMPATH\CodeIgniter.php(492): CodeIgniter\CodeIgniter->runController(Object(App\Controllers\Home))
 7 SYSTEMPATH\CodeIgniter.php(353): CodeIgniter\CodeIgniter->handleRequest(null, Object(Config\Cache), false)
 8 FCPATH\index.php(79): CodeIgniter\CodeIgniter->run()
 9 SYSTEMPATH\Commands\Server\rewrite.php(47): require_once('E:\\pemesanan\\public\\index.php')
CRITICAL - 2024-07-29 12:32:03 --> You must set the database table to be used with your query.
in SYSTEMPATH\Database\BaseConnection.php on line 883.
 1 SYSTEMPATH\Model.php(635): CodeIgniter\Database\BaseConnection->table(null)
 2 SYSTEMPATH\Model.php(863): CodeIgniter\Model->builder()
 3 APPPATH\Controllers\Home.php(725): CodeIgniter\Model->__call('getLastTransaction', [])
 4 APPPATH\Controllers\Home.php(738): App\Controllers\Home->generateTransactionNumber()
 5 SYSTEMPATH\CodeIgniter.php(915): App\Controllers\Home->cash()
 6 SYSTEMPATH\CodeIgniter.php(492): CodeIgniter\CodeIgniter->runController(Object(App\Controllers\Home))
 7 SYSTEMPATH\CodeIgniter.php(353): CodeIgniter\CodeIgniter->handleRequest(null, Object(Config\Cache), false)
 8 FCPATH\index.php(79): CodeIgniter\CodeIgniter->run()
 9 SYSTEMPATH\Commands\Server\rewrite.php(47): require_once('E:\\pemesanan\\public\\index.php')
CRITICAL - 2024-07-29 12:32:25 --> You must set the database table to be used with your query.
in SYSTEMPATH\Database\BaseConnection.php on line 883.
 1 SYSTEMPATH\Model.php(635): CodeIgniter\Database\BaseConnection->table(null)
 2 SYSTEMPATH\Model.php(863): CodeIgniter\Model->builder()
 3 APPPATH\Controllers\Home.php(725): CodeIgniter\Model->__call('getLastTransaction', [])
 4 APPPATH\Controllers\Home.php(738): App\Controllers\Home->generateTransactionNumber()
 5 SYSTEMPATH\CodeIgniter.php(915): App\Controllers\Home->cash()
 6 SYSTEMPATH\CodeIgniter.php(492): CodeIgniter\CodeIgniter->runController(Object(App\Controllers\Home))
 7 SYSTEMPATH\CodeIgniter.php(353): CodeIgniter\CodeIgniter->handleRequest(null, Object(Config\Cache), false)
 8 FCPATH\index.php(79): CodeIgniter\CodeIgniter->run()
 9 SYSTEMPATH\Commands\Server\rewrite.php(47): require_once('E:\\pemesanan\\public\\index.php')
CRITICAL - 2024-07-29 12:37:08 --> You must set the database table to be used with your query.
in SYSTEMPATH\Database\BaseConnection.php on line 883.
 1 SYSTEMPATH\Model.php(635): CodeIgniter\Database\BaseConnection->table(null)
 2 SYSTEMPATH\Model.php(863): CodeIgniter\Model->builder()
 3 APPPATH\Controllers\Home.php(725): CodeIgniter\Model->__call('getLastTransaction', [])
 4 APPPATH\Controllers\Home.php(738): App\Controllers\Home->generateTransactionNumber()
 5 SYSTEMPATH\CodeIgniter.php(915): App\Controllers\Home->cash()
 6 SYSTEMPATH\CodeIgniter.php(492): CodeIgniter\CodeIgniter->runController(Object(App\Controllers\Home))
 7 SYSTEMPATH\CodeIgniter.php(353): CodeIgniter\CodeIgniter->handleRequest(null, Object(Config\Cache), false)
 8 FCPATH\index.php(79): CodeIgniter\CodeIgniter->run()
 9 SYSTEMPATH\Commands\Server\rewrite.php(47): require_once('E:\\pemesanan\\public\\index.php')
CRITICAL - 2024-07-29 13:01:46 --> Undefined property: stdClass::$kode_keranjang
in APPPATH\Views\hpesanan.php on line 125.
 1 APPPATH\Views\hpesanan.php(125): CodeIgniter\Debug\Exceptions->errorHandler(2, 'Undefined property: stdClass::$kode_keranjang', 'E:\\pemesanan\\app\\Views\\hpesanan.php', 125)
 2 SYSTEMPATH\View\View.php(226): include('E:\\pemesanan\\app\\Views\\hpesanan.php')
 3 SYSTEMPATH\View\View.php(229): CodeIgniter\View\View->CodeIgniter\View\{closure}()
 4 SYSTEMPATH\Common.php(1178): CodeIgniter\View\View->render('hpesanan', [], true)
 5 APPPATH\Controllers\Home.php(584): view('hpesanan', [...])
 6 SYSTEMPATH\CodeIgniter.php(915): App\Controllers\Home->hpesanan()
 7 SYSTEMPATH\CodeIgniter.php(492): CodeIgniter\CodeIgniter->runController(Object(App\Controllers\Home))
 8 SYSTEMPATH\CodeIgniter.php(353): CodeIgniter\CodeIgniter->handleRequest(null, Object(Config\Cache), false)
 9 FCPATH\index.php(79): CodeIgniter\CodeIgniter->run()
10 SYSTEMPATH\Commands\Server\rewrite.php(47): require_once('E:\\pemesanan\\public\\index.php')
CRITICAL - 2024-07-29 13:04:10 --> Class "App\Controllers\M_pb" not found
in APPPATH\Controllers\Home.php on line 574.
 1 SYSTEMPATH\CodeIgniter.php(915): App\Controllers\Home->hpesanan()
 2 SYSTEMPATH\CodeIgniter.php(492): CodeIgniter\CodeIgniter->runController(Object(App\Controllers\Home))
 3 SYSTEMPATH\CodeIgniter.php(353): CodeIgniter\CodeIgniter->handleRequest(null, Object(Config\Cache), false)
 4 FCPATH\index.php(79): CodeIgniter\CodeIgniter->run()
 5 SYSTEMPATH\Commands\Server\rewrite.php(47): require_once('E:\\pemesanan\\public\\index.php')
CRITICAL - 2024-07-29 13:04:24 --> You must set the database table to be used with your query.
in SYSTEMPATH\Database\BaseConnection.php on line 883.
 1 SYSTEMPATH\Model.php(635): CodeIgniter\Database\BaseConnection->table(null)
 2 SYSTEMPATH\Model.php(863): CodeIgniter\Model->builder()
 3 APPPATH\Controllers\Home.php(587): CodeIgniter\Model->__call('groupbyjoinnwhere22', [...])
 4 SYSTEMPATH\CodeIgniter.php(915): App\Controllers\Home->hpesanan()
 5 SYSTEMPATH\CodeIgniter.php(492): CodeIgniter\CodeIgniter->runController(Object(App\Controllers\Home))
 6 SYSTEMPATH\CodeIgniter.php(353): CodeIgniter\CodeIgniter->handleRequest(null, Object(Config\Cache), false)
 7 FCPATH\index.php(79): CodeIgniter\CodeIgniter->run()
 8 SYSTEMPATH\Commands\Server\rewrite.php(47): require_once('E:\\pemesanan\\public\\index.php')
CRITICAL - 2024-07-29 13:05:21 --> number_format(): Argument #1 ($num) must be of type float, string given
in APPPATH\Views\hpesanan.php on line 127.
 1 APPPATH\Views\hpesanan.php(127): number_format('', 2)
 2 SYSTEMPATH\View\View.php(226): include('E:\\pemesanan\\app\\Views\\hpesanan.php')
 3 SYSTEMPATH\View\View.php(229): CodeIgniter\View\View->CodeIgniter\View\{closure}()
 4 SYSTEMPATH\Common.php(1178): CodeIgniter\View\View->render('hpesanan', [], true)
 5 APPPATH\Controllers\Home.php(591): view('hpesanan', [...])
 6 SYSTEMPATH\CodeIgniter.php(915): App\Controllers\Home->hpesanan()
 7 SYSTEMPATH\CodeIgniter.php(492): CodeIgniter\CodeIgniter->runController(Object(App\Controllers\Home))
 8 SYSTEMPATH\CodeIgniter.php(353): CodeIgniter\CodeIgniter->handleRequest(null, Object(Config\Cache), false)
 9 FCPATH\index.php(79): CodeIgniter\CodeIgniter->run()
10 SYSTEMPATH\Commands\Server\rewrite.php(47): require_once('E:\\pemesanan\\public\\index.php')
